-------------------------------------------------------------------------------
Test set: kr.or.test.MeetingRoomTest
-------------------------------------------------------------------------------
Tests run: 4, Failures: 0, Errors: 1, Skipped: 0, Time elapsed: 0.057 sec <<< FAILURE!
testInsert(kr.or.test.MeetingRoomTest)  Time elapsed: 0.046 sec  <<< ERROR!
org.springframework.dao.DataIntegrityViolationException: 
### Error updating database.  Cause: java.sql.SQLIntegrityConstraintViolationException: (conn:62) Cannot add or update a child row: a foreign key constraint fails (`meetingroom`.`meeting_room`, CONSTRAINT `meeting_room_ibfk_1` FOREIGN KEY (`manager_id`) REFERENCES `manager` (`manager_id`))
Query is: INSERT INTO meeting_room (manager_id, name, seats, availability, register_date) VALUES (?, ?, ?, ?, ?), parameters [1234,'1ë²ˆíšŒ?˜?‹¤',10,1,'2019-12-19 16:09:21.535']
### The error may involve kr.or.mappers.meetingRoomMapper.insertMeetingRoom-Inline
### The error occurred while setting parameters
### SQL: INSERT INTO meeting_room (manager_id, name, seats, availability, register_date) VALUES (?, ?, ?, ?, ?)
### Cause: java.sql.SQLIntegrityConstraintViolationException: (conn:62) Cannot add or update a child row: a foreign key constraint fails (`meetingroom`.`meeting_room`, CONSTRAINT `meeting_room_ibfk_1` FOREIGN KEY (`manager_id`) REFERENCES `manager` (`manager_id`))
Query is: INSERT INTO meeting_room (manager_id, name, seats, availability, register_date) VALUES (?, ?, ?, ?, ?), parameters [1234,'1ë²ˆíšŒ?˜?‹¤',10,1,'2019-12-19 16:09:21.535']
; SQL []; (conn:62) Cannot add or update a child row: a foreign key constraint fails (`meetingroom`.`meeting_room`, CONSTRAINT `meeting_room_ibfk_1` FOREIGN KEY (`manager_id`) REFERENCES `manager` (`manager_id`))
Query is: INSERT INTO meeting_room (manager_id, name, seats, availability, register_date) VALUES (?, ?, ?, ?, ?), parameters [1234,'1ë²ˆíšŒ?˜?‹¤',10,1,'2019-12-19 16:09:21.535']; nested exception is java.sql.SQLIntegrityConstraintViolationException: (conn:62) Cannot add or update a child row: a foreign key constraint fails (`meetingroom`.`meeting_room`, CONSTRAINT `meeting_room_ibfk_1` FOREIGN KEY (`manager_id`) REFERENCES `manager` (`manager_id`))
Query is: INSERT INTO meeting_room (manager_id, name, seats, availability, register_date) VALUES (?, ?, ?, ?, ?), parameters [1234,'1ë²ˆíšŒ?˜?‹¤',10,1,'2019-12-19 16:09:21.535']
	at org.springframework.jdbc.support.SQLErrorCodeSQLExceptionTranslator.doTranslate(SQLErrorCodeSQLExceptionTranslator.java:249)
	at org.springframework.jdbc.support.AbstractFallbackSQLExceptionTranslator.translate(AbstractFallbackSQLExceptionTranslator.java:72)
	at org.mybatis.spring.MyBatisExceptionTranslator.translateExceptionIfPossible(MyBatisExceptionTranslator.java:73)
	at org.mybatis.spring.SqlSessionTemplate$SqlSessionInterceptor.invoke(SqlSessionTemplate.java:446)
	at com.sun.proxy.$Proxy14.insert(Unknown Source)
	at org.mybatis.spring.SqlSessionTemplate.insert(SqlSessionTemplate.java:278)
	at kr.or.persistence.MeetingRoomDaoImpl.insertMeetingRoom(MeetingRoomDaoImpl.java:26)
	at kr.or.test.MeetingRoomTest.testInsert(MeetingRoomTest.java:41)
	at sun.reflect.NativeMethodAccessorImpl.invoke0(Native Method)
	at sun.reflect.NativeMethodAccessorImpl.invoke(NativeMethodAccessorImpl.java:62)
	at sun.reflect.DelegatingMethodAccessorImpl.invoke(DelegatingMethodAccessorImpl.java:43)
	at java.lang.reflect.Method.invoke(Method.java:498)
	at org.junit.runners.model.FrameworkMethod$1.runReflectiveCall(FrameworkMethod.java:44)
	at org.junit.internal.runners.model.ReflectiveCallable.run(ReflectiveCallable.java:15)
	at org.junit.runners.model.FrameworkMethod.invokeExplosively(FrameworkMethod.java:41)
	at org.junit.internal.runners.statements.InvokeMethod.evaluate(InvokeMethod.java:20)
	at org.springframework.test.context.junit4.statements.RunBeforeTestMethodCallbacks.evaluate(RunBeforeTestMethodCallbacks.java:74)
	at org.springframework.test.context.junit4.statements.RunAfterTestMethodCallbacks.evaluate(RunAfterTestMethodCallbacks.java:83)
	at org.springframework.test.context.junit4.statements.SpringRepeat.evaluate(SpringRepeat.java:72)
	at org.springframework.test.context.junit4.SpringJUnit4ClassRunner.runChild(SpringJUnit4ClassRunner.java:231)
	at org.springframework.test.context.junit4.SpringJUnit4ClassRunner.runChild(SpringJUnit4ClassRunner.java:88)
	at org.junit.runners.ParentRunner$3.run(ParentRunner.java:193)
	at org.junit.runners.ParentRunner$1.schedule(ParentRunner.java:52)
	at org.junit.runners.ParentRunner.runChildren(ParentRunner.java:191)
	at org.junit.runners.ParentRunner.access$000(ParentRunner.java:42)
	at org.junit.runners.ParentRunner$2.evaluate(ParentRunner.java:184)
	at org.springframework.test.context.junit4.statements.RunBeforeTestClassCallbacks.evaluate(RunBeforeTestClassCallbacks.java:61)
	at org.springframework.test.context.junit4.statements.RunAfterTestClassCallbacks.evaluate(RunAfterTestClassCallbacks.java:71)
	at org.junit.runners.ParentRunner.run(ParentRunner.java:236)
	at org.springframework.test.context.junit4.SpringJUnit4ClassRunner.run(SpringJUnit4ClassRunner.java:174)
	at org.apache.maven.surefire.junit4.JUnit4Provider.execute(JUnit4Provider.java:252)
	at org.apache.maven.surefire.junit4.JUnit4Provider.executeTestSet(JUnit4Provider.java:141)
	at org.apache.maven.surefire.junit4.JUnit4Provider.invoke(JUnit4Provider.java:112)
	at sun.reflect.NativeMethodAccessorImpl.invoke0(Native Method)
	at sun.reflect.NativeMethodAccessorImpl.invoke(NativeMethodAccessorImpl.java:62)
	at sun.reflect.DelegatingMethodAccessorImpl.invoke(DelegatingMethodAccessorImpl.java:43)
	at java.lang.reflect.Method.invoke(Method.java:498)
	at org.apache.maven.surefire.util.ReflectionUtils.invokeMethodWithArray(ReflectionUtils.java:189)
	at org.apache.maven.surefire.booter.ProviderFactory$ProviderProxy.invoke(ProviderFactory.java:165)
	at org.apache.maven.surefire.booter.ProviderFactory.invokeProvider(ProviderFactory.java:85)
	at org.apache.maven.surefire.booter.ForkedBooter.runSuitesInProcess(ForkedBooter.java:115)
	at org.apache.maven.surefire.booter.ForkedBooter.main(ForkedBooter.java:75)
Caused by: java.sql.SQLIntegrityConstraintViolationException: (conn:62) Cannot add or update a child row: a foreign key constraint fails (`meetingroom`.`meeting_room`, CONSTRAINT `meeting_room_ibfk_1` FOREIGN KEY (`manager_id`) REFERENCES `manager` (`manager_id`))
Query is: INSERT INTO meeting_room (manager_id, name, seats, availability, register_date) VALUES (?, ?, ?, ?, ?), parameters [1234,'1ë²ˆíšŒ?˜?‹¤',10,1,'2019-12-19 16:09:21.535']
	at org.mariadb.jdbc.internal.util.ExceptionMapper.get(ExceptionMapper.java:133)
	at org.mariadb.jdbc.internal.util.ExceptionMapper.getException(ExceptionMapper.java:101)
	at org.mariadb.jdbc.internal.util.ExceptionMapper.throwAndLogException(ExceptionMapper.java:77)
	at org.mariadb.jdbc.MariaDbStatement.executeQueryEpilog(MariaDbStatement.java:226)
	at org.mariadb.jdbc.MariaDbServerPreparedStatement.executeInternal(MariaDbServerPreparedStatement.java:413)
	at org.mariadb.jdbc.MariaDbServerPreparedStatement.execute(MariaDbServerPreparedStatement.java:362)
	at org.apache.ibatis.executor.statement.PreparedStatementHandler.update(PreparedStatementHandler.java:46)
	at org.apache.ibatis.executor.statement.RoutingStatementHandler.update(RoutingStatementHandler.java:74)
	at org.apache.ibatis.executor.SimpleExecutor.doUpdate(SimpleExecutor.java:50)
	at org.apache.ibatis.executor.BaseExecutor.update(BaseExecutor.java:117)
	at org.apache.ibatis.executor.CachingExecutor.update(CachingExecutor.java:76)
	at org.apache.ibatis.session.defaults.DefaultSqlSession.update(DefaultSqlSession.java:198)
	at org.apache.ibatis.session.defaults.DefaultSqlSession.insert(DefaultSqlSession.java:185)
	at sun.reflect.NativeMethodAccessorImpl.invoke0(Native Method)
	at sun.reflect.NativeMethodAccessorImpl.invoke(NativeMethodAccessorImpl.java:62)
	at sun.reflect.DelegatingMethodAccessorImpl.invoke(DelegatingMethodAccessorImpl.java:43)
	at java.lang.reflect.Method.invoke(Method.java:498)
	at org.mybatis.spring.SqlSessionTemplate$SqlSessionInterceptor.invoke(SqlSessionTemplate.java:433)
	... 38 more
Caused by: org.mariadb.jdbc.internal.util.dao.QueryException: Cannot add or update a child row: a foreign key constraint fails (`meetingroom`.`meeting_room`, CONSTRAINT `meeting_room_ibfk_1` FOREIGN KEY (`manager_id`) REFERENCES `manager` (`manager_id`))
Query is: INSERT INTO meeting_room (manager_id, name, seats, availability, register_date) VALUES (?, ?, ?, ?, ?), parameters [1234,'1ë²ˆíšŒ?˜?‹¤',10,1,'2019-12-19 16:09:21.535']
	at org.mariadb.jdbc.internal.protocol.AbstractQueryProtocol.readErrorPacket(AbstractQueryProtocol.java:1144)
	at org.mariadb.jdbc.internal.protocol.AbstractQueryProtocol.readPacket(AbstractQueryProtocol.java:1076)
	at org.mariadb.jdbc.internal.protocol.AbstractQueryProtocol.getResult(AbstractQueryProtocol.java:1031)
	at org.mariadb.jdbc.internal.protocol.AbstractQueryProtocol.executePreparedQuery(AbstractQueryProtocol.java:617)
	at org.mariadb.jdbc.MariaDbServerPreparedStatement.executeInternal(MariaDbServerPreparedStatement.java:401)
	... 51 more

